# JRE version: Java(TM) SE Runtime Environment (7.0_75-b13) (build 1.7.0_75-b13)
# Java VM: Java HotSpot(TM) 64-Bit Server VM (24.75-b04 mixed mode bsd-amd64 compressed oops)
Heap
 PSYoungGen      total 38912K, used 11633K [0x0000000164480000, 0x0000000166f80000, 0x000000018ef80000)
  eden space 33792K, 34% used [0x0000000164480000,0x0000000164fdc760,0x0000000166580000)
  from space 5120K, 0% used [0x0000000166a80000,0x0000000166a80000,0x0000000166f80000)
  to   space 5120K, 0% used [0x0000000166580000,0x0000000166580000,0x0000000166a80000)
 ParOldGen       total 87040K, used 1490K [0x000000010ef80000, 0x0000000114480000, 0x0000000164480000)
  object space 87040K, 1% used [0x000000010ef80000,0x000000010f0f4a50,0x0000000114480000)
 PSPermGen       total 21504K, used 10157K [0x0000000109d80000, 0x000000010b280000, 0x000000010ef80000)
  object space 21504K, 47% used [0x0000000109d80000,0x000000010a76b670,0x000000010b280000)
GC Heap History (10 events):
Event: 6.186 GC heap before
{Heap before GC invocations=3 (full 1):
 PSYoungGen      total 38912K, used 4057K [0x0000000164480000, 0x0000000166f80000, 0x000000018ef80000)
  eden space 33792K, 12% used [0x0000000164480000,0x0000000164876480,0x0000000166580000)
  from space 5120K, 0% used [0x0000000166580000,0x0000000166580000,0x0000000166a80000)
  to   space 5120K, 0% used [0x0000000166a80000,0x0000000166a80000,0x0000000166f80000)
 ParOldGen       total 87040K, used 1426K [0x000000010ef80000, 0x0000000114480000, 0x0000000164480000)
  object space 87040K, 1% used [0x000000010ef80000,0x000000010f0e4ab8,0x0000000114480000)
 PSPermGen       total 21504K, used 9393K [0x0000000109d80000, 0x000000010b280000, 0x000000010ef80000)
  object space 21504K, 43% used [0x0000000109d80000,0x000000010a6ac540,0x000000010b280000)
Event: 6.190 GC heap after
Heap after GC invocations=3 (full 1):
 PSYoungGen      total 38912K, used 288K [0x0000000164480000, 0x0000000166f80000, 0x000000018ef80000)
  eden space 33792K, 0% used [0x0000000164480000,0x0000000164480000,0x0000000166580000)
  from space 5120K, 5% used [0x0000000166a80000,0x0000000166ac8000,0x0000000166f80000)
  to   space 5120K, 0% used [0x0000000166580000,0x0000000166580000,0x0000000166a80000)
 ParOldGen       total 87040K, used 1426K [0x000000010ef80000, 0x0000000114480000, 0x0000000164480000)
  object space 87040K, 1% used [0x000000010ef80000,0x000000010f0e4ab8,0x0000000114480000)
 PSPermGen       total 21504K, used 9393K [0x0000000109d80000, 0x000000010b280000, 0x000000010ef80000)
  object space 21504K, 43% used [0x0000000109d80000,0x000000010a6ac540,0x000000010b280000)
}
Event: 6.190 GC heap before
{Heap before GC invocations=4 (full 2):
 PSYoungGen      total 38912K, used 288K [0x0000000164480000, 0x0000000166f80000, 0x000000018ef80000)
  eden space 33792K, 0% used [0x0000000164480000,0x0000000164480000,0x0000000166580000)
  from space 5120K, 5% used [0x0000000166a80000,0x0000000166ac8000,0x0000000166f80000)
  to   space 5120K, 0% used [0x0000000166580000,0x0000000166580000,0x0000000166a80000)
 ParOldGen       total 87040K, used 1426K [0x000000010ef80000, 0x0000000114480000, 0x0000000164480000)
  object space 87040K, 1% used [0x000000010ef80000,0x000000010f0e4ab8,0x0000000114480000)
 PSPermGen       total 21504K, used 9393K [0x0000000109d80000, 0x000000010b280000, 0x000000010ef80000)
  object space 21504K, 43% used [0x0000000109d80000,0x000000010a6ac540,0x000000010b280000)
Event: 6.222 GC heap after
Heap after GC invocations=4 (full 2):
 PSYoungGen      total 38912K, used 0K [0x0000000164480000, 0x0000000166f80000, 0x000000018ef80000)
  eden space 33792K, 0% used [0x0000000164480000,0x0000000164480000,0x0000000166580000)
  from space 5120K, 0% used [0x0000000166a80000,0x0000000166a80000,0x0000000166f80000)
  to   space 5120K, 0% used [0x0000000166580000,0x0000000166580000,0x0000000166a80000)
 ParOldGen       total 87040K, used 1286K [0x000000010ef80000, 0x0000000114480000, 0x0000000164480000)
  object space 87040K, 1% used [0x000000010ef80000,0x000000010f0c1890,0x0000000114480000)
 PSPermGen       total 21504K, used 9393K [0x0000000109d80000, 0x000000010b280000, 0x000000010ef80000)
  object space 21504K, 43% used [0x0000000109d80000,0x000000010a6ac440,0x000000010b280000)
}
Event: 2272.248 GC heap before
{Heap before GC invocations=5 (full 2):
 PSYoungGen      total 38912K, used 33792K [0x0000000164480000, 0x0000000166f80000, 0x000000018ef80000)
  eden space 33792K, 100% used [0x0000000164480000,0x0000000166580000,0x0000000166580000)
  from space 5120K, 0% used [0x0000000166a80000,0x0000000166a80000,0x0000000166f80000)
  to   space 5120K, 0% used [0x0000000166580000,0x0000000166580000,0x0000000166a80000)
 ParOldGen       total 87040K, used 1286K [0x000000010ef80000, 0x0000000114480000, 0x0000000164480000)
  object space 87040K, 1% used [0x000000010ef80000,0x000000010f0c1890,0x0000000114480000)
 PSPermGen       total 21504K, used 10048K [0x0000000109d80000, 0x000000010b280000, 0x000000010ef80000)
  object space 21504K, 46% used [0x0000000109d80000,0x000000010a750228,0x000000010b280000)
Event: 2272.250 GC heap after
Heap after GC invocations=5 (full 2):
 PSYoungGen      total 38912K, used 860K [0x0000000164480000, 0x0000000166f80000, 0x000000018ef80000)
  eden space 33792K, 0% used [0x0000000164480000,0x0000000164480000,0x0000000166580000)
  from space 5120K, 16% used [0x0000000166580000,0x0000000166657188,0x0000000166a80000)
  to   space 5120K, 0% used [0x0000000166a80000,0x0000000166a80000,0x0000000166f80000)
 ParOldGen       total 87040K, used 1294K [0x000000010ef80000, 0x0000000114480000, 0x0000000164480000)
  object space 87040K, 1% used [0x000000010ef80000,0x000000010f0c3890,0x0000000114480000)
 PSPermGen       total 21504K, used 10048K [0x0000000109d80000, 0x000000010b280000, 0x000000010ef80000)
  object space 21504K, 46% used [0x0000000109d80000,0x000000010a750228,0x000000010b280000)
}
Event: 3606.224 GC heap before
{Heap before GC invocations=6 (full 2):
 PSYoungGen      total 38912K, used 20286K [0x0000000164480000, 0x0000000166f80000, 0x000000018ef80000)
  eden space 33792K, 57% used [0x0000000164480000,0x0000000165778a40,0x0000000166580000)
  from space 5120K, 16% used [0x0000000166580000,0x0000000166657188,0x0000000166a80000)
  to   space 5120K, 0% used [0x0000000166a80000,0x0000000166a80000,0x0000000166f80000)
 ParOldGen       total 87040K, used 1294K [0x000000010ef80000, 0x0000000114480000, 0x0000000164480000)
  object space 87040K, 1% used [0x000000010ef80000,0x000000010f0c3890,0x0000000114480000)
 PSPermGen       total 21504K, used 10196K [0x0000000109d80000, 0x000000010b280000, 0x000000010ef80000)
  object space 21504K, 47% used [0x0000000109d80000,0x000000010a775268,0x000000010b280000)
Event: 3606.226 GC heap after
Heap after GC invocations=6 (full 2):
 PSYoungGen      total 38912K, used 672K [0x0000000164480000, 0x0000000166f80000, 0x000000018ef80000)
  eden space 33792K, 0% used [0x0000000164480000,0x0000000164480000,0x0000000166580000)
  from space 5120K, 13% used [0x0000000166a80000,0x0000000166b28020,0x0000000166f80000)
  to   space 5120K, 0% used [0x0000000166580000,0x0000000166580000,0x0000000166a80000)
 ParOldGen       total 87040K, used 1302K [0x000000010ef80000, 0x0000000114480000, 0x0000000164480000)
  object space 87040K, 1% used [0x000000010ef80000,0x000000010f0c5890,0x0000000114480000)
 PSPermGen       total 21504K, used 10196K [0x0000000109d80000, 0x000000010b280000, 0x000000010ef80000)
  object space 21504K, 47% used [0x0000000109d80000,0x000000010a775268,0x000000010b280000)
}
Event: 3606.227 GC heap before
{Heap before GC invocations=7 (full 3):
 PSYoungGen      total 38912K, used 672K [0x0000000164480000, 0x0000000166f80000, 0x000000018ef80000)
  eden space 33792K, 0% used [0x0000000164480000,0x0000000164480000,0x0000000166580000)
  from space 5120K, 13% used [0x0000000166a80000,0x0000000166b28020,0x0000000166f80000)
  to   space 5120K, 0% used [0x0000000166580000,0x0000000166580000,0x0000000166a80000)
 ParOldGen       total 87040K, used 1302K [0x000000010ef80000, 0x0000000114480000, 0x0000000164480000)
  object space 87040K, 1% used [0x000000010ef80000,0x000000010f0c5890,0x0000000114480000)
 PSPermGen       total 21504K, used 10196K [0x0000000109d80000, 0x000000010b280000, 0x000000010ef80000)
  object space 21504K, 47% used [0x0000000109d80000,0x000000010a775268,0x000000010b280000)
Event: 3606.259 GC heap after
Heap after GC invocations=7 (full 3):
 PSYoungGen      total 38912K, used 0K [0x0000000164480000, 0x0000000166f80000, 0x000000018ef80000)
  eden space 33792K, 0% used [0x0000000164480000,0x0000000164480000,0x0000000166580000)
  from space 5120K, 0% used [0x0000000166a80000,0x0000000166a80000,0x0000000166f80000)
  to   space 5120K, 0% used [0x0000000166580000,0x0000000166580000,0x0000000166a80000)
 ParOldGen       total 87040K, used 1490K [0x000000010ef80000, 0x0000000114480000, 0x0000000164480000)
  object space 87040K, 1% used [0x000000010ef80000,0x000000010f0f4a50,0x0000000114480000)
 PSPermGen       total 21504K, used 10150K [0x0000000109d80000, 0x000000010b280000, 0x000000010ef80000)
  object space 21504K, 47% used [0x0000000109d80000,0x000000010a769bf8,0x000000010b280000)
}

